Arguments: 
  C:\Program Files\nodejs\node.exe C:\Program Files (x86)\Yarn\bin\yarn.js add @types/readline

PATH: 
  C:\Users\fagne\bin;C:\Program Files\Git\mingw64\bin;C:\Program Files\Git\usr\local\bin;C:\Program Files\Git\usr\bin;C:\Program Files\Git\usr\bin;C:\Program Files\Git\mingw64\bin;C:\Program Files\Git\usr\bin;C:\Users\fagne\bin;C:\Python310\Scripts;C:\Python310;C:\Program Files (x86)\Common Files\Oracle\Java\javapath;C:\Python27;C:\Python27\Scripts;C:\Program Files (x86)\Intel\Intel(R) Management Engine Components\iCLS;C:\Program Files\Intel\Intel(R) Management Engine Components\iCLS;C:\WINDOWS\system32;C:\WINDOWS;C:\WINDOWS\System32\Wbem;C:\WINDOWS\System32\WindowsPowerShell\v1.0;C:\WINDOWS\System32\OpenSSH;C:\Program Files (x86)\Intel\Intel(R) Management Engine Components\DAL;C:\Program Files\Intel\Intel(R) Management Engine Components\DAL;C:\Program Files (x86)\Intel\Intel(R) Management Engine Components\IPT;C:\Program Files\Intel\Intel(R) Management Engine Components\IPT;C:\ProgramData\chocolatey\bin;C:\Program Files (x86)\Yarn\bin;C:\android\sdk\emulator;C:\android\sdk\tools;C:\android\sdk\tools\bin;C:\android\sdk\platform-tools;C:\Program Files\Git\cmd;C:\Program Files\nodejs;C:\Program Files\Docker\Docker\resources\bin;C:\Users\fagne\AppData\Local\Microsoft\WindowsApps;C:\Users\fagne\AppData\Local\Microsoft\WindowsApps;C:\Users\fagne\AppData\Local\Yarn\bin;C:\Users\fagne\AppData\Local\Programs\Microsoft VS Code\bin;C:\Program Files\Docker Toolbox;C:\Users\fagne\AppData\Roaming\npm;C:\ProgramData\chocolatey\lib\deno;C:\Program Files\Docker Toolbox;C:\Program Files\Git\usr\bin\vendor_perl;C:\Program Files\Git\usr\bin\core_perl

Yarn version: 
  1.22.4

Node version: 
  16.14.0

Platform: 
  win32 x64

Trace: 
  Error: https://registry.yarnpkg.com/@types%2freadline: Not found
      at Request.params.callback [as _callback] (C:\Program Files (x86)\Yarn\lib\cli.js:66096:18)
      at Request.self.callback (C:\Program Files (x86)\Yarn\lib\cli.js:140748:22)
      at Request.emit (node:events:520:28)
      at Request.<anonymous> (C:\Program Files (x86)\Yarn\lib\cli.js:141720:10)
      at Request.emit (node:events:520:28)
      at IncomingMessage.<anonymous> (C:\Program Files (x86)\Yarn\lib\cli.js:141642:12)
      at Object.onceWrapper (node:events:639:28)
      at IncomingMessage.emit (node:events:532:35)
      at endReadableNT (node:internal/streams/readable:1346:12)
      at processTicksAndRejections (node:internal/process/task_queues:83:21)

npm manifest: 
  {
    "name": "TestePagoNxt",
    "version": "1.0.0",
    "main": "index.js",
    "repository": "https://github.com/fagnersantiago/TestePagoNxt.git",
    "author": "<fagner.santiago@hotmail.com>",
    "scripts": {
      "dev": "index.ts"
    },
    "license": "MIT",
    "dependencies": {
      "@types/typescript": "^2.0.0",
      "readline": "^1.3.0",
      "typescript": "^5.1.3"
    }
  }

yarn manifest: 
  No manifest

Lockfile: 
  # THIS IS AN AUTOGENERATED FILE. DO NOT EDIT THIS FILE DIRECTLY.
  # yarn lockfile v1
  
  
  "@types/typescript@^2.0.0":
    version "2.0.0"
    resolved "https://registry.yarnpkg.com/@types/typescript/-/typescript-2.0.0.tgz#c433539c98bae28682b307eaa7a0fd2115b83c28"
    integrity sha512-WMEWfMISiJ2QKyk5/dSdgL0ZwP//PZj0jmDU0hMh51FmLq4WIYzjlngsUQZXejQL+QtkXJUOGjb3G3UCvgZuSQ==
    dependencies:
      typescript "*"
  
  readline@^1.3.0:
    version "1.3.0"
    resolved "https://registry.yarnpkg.com/readline/-/readline-1.3.0.tgz#c580d77ef2cfc8752b132498060dc9793a7ac01c"
    integrity sha512-k2d6ACCkiNYz222Fs/iNze30rRJ1iIicW7JuX/7/cozvih6YCkFZH+J6mAFDVgv0dRBaAyr4jDqC95R2y4IADg==
  
  typescript@*, typescript@^5.1.3:
    version "5.1.3"
    resolved "https://registry.yarnpkg.com/typescript/-/typescript-5.1.3.tgz#8d84219244a6b40b6fb2b33cc1c062f715b9e826"
    integrity sha512-XH627E9vkeqhlZFQuL+UsyAXEnibT0kWR2FWONlr4sTjvxyJYnyefgrkyECLzM5NenmKzRAy2rR/OlYLA1HkZw==
